A    IOIPSL/src
A    IOIPSL/example
A    IOIPSL/arch
A    IOIPSL/tools
A    IOIPSL/tools/FCM_V1.2
A    IOIPSL/tools/FCM_V1.2/lib
A    IOIPSL/tools/FCM_V1.2/lib/Ecmwf
A    IOIPSL/tools/FCM_V1.2/lib/Fcm
A    IOIPSL/arch/arch-X64_ADA.path
A    IOIPSL/arch/arch-X64_IRENE-AMD.fcm
A    IOIPSL/arch/arch-ifort_CICLAD.fcm
A    IOIPSL/arch/arch-X64_ADA.fcm
A    IOIPSL/arch/arch-X64_ADA.env
A    IOIPSL/arch/arch-ifort_CICLAD.path
A    IOIPSL/ins_m_prec
A    IOIPSL/tools/FCM_V1.2/COPYRIGHT.txt
A    IOIPSL/tools/FCM_V1.2/lib/Fcm/CmUrl.pm
A    IOIPSL/arch/arch-X64_IRENE-AMD.path
A    IOIPSL/arch/arch-ifort_LSCE.fcm
A    IOIPSL/bld.cfg
A    IOIPSL/tools/FCM_V1.2/lib/Fcm/Config.pm
A    IOIPSL/src/restcom.f90
A    IOIPSL/src/ioipsl.f90
A    IOIPSL/src/AA_make
A    IOIPSL/tools/FCM_V1.2/lib/Ecmwf/Fortran90_stuff.pm
A    IOIPSL/tools/FCM_V1.2/lib/Fcm/SrcDirLayer.pm
A    IOIPSL/tools/FCM_V1.2/lib/Fcm/ReposBranch.pm
A    IOIPSL/tools/FCM_V1.2/lib/Fcm/CmCommitMessage.pm
A    IOIPSL/tools/FCM_V1.2/lib/Fcm/SrcFile.pm
A    IOIPSL/tools/FCM_V1.2/lib/Fcm/Util.pm
A    IOIPSL/tools/FCM_V1.2/lib/Fcm/CmBranch.pm
A    IOIPSL/tools/FCM_V1.2/lib/Fcm/CfgFile.pm
A    IOIPSL/tools/FCM_V1.2/bin
A    IOIPSL/tools/FCM_V1.2/etc
A    IOIPSL/src/getincom.f90
A    IOIPSL/src/stringop.f90
A    IOIPSL/src/histcom.f90
A    IOIPSL/src/flincom.f90
A    IOIPSL/src/errioipsl.f90
A    IOIPSL/tools/FCM_V1.2/bin/fcm
A    IOIPSL/tools/FCM_V1.2/bin/fcm_setup_konqueror
A    IOIPSL/tools/FCM_V1.2/README
A    IOIPSL/rebuild
A    IOIPSL/tools/FCM_V1.2/lib/Fcm/Timer.pm
A    IOIPSL/tools/FCM_V1.2/lib/Fcm/Cm.pm
A    IOIPSL/tools/FCM_V1.2/bin/fcm_gui_internal
A    IOIPSL/tools/FCM_V1.2/bin/fcm_gui
A    IOIPSL/tools/FCM_V1.2/bin/fcm_internal
A    IOIPSL/makeioipsl_fcm
A    IOIPSL/rebuild/AA_make
A    IOIPSL/src/fliocom.f90
A    IOIPSL/src/calendar.f90
A    IOIPSL/src/def.prec
A    IOIPSL/src/AA_make.ldef
A    IOIPSL/src/mathelp.f90
A    IOIPSL/build.sh
A    IOIPSL/IOIPSL_License_CeCILL.txt
A    IOIPSL/example/AA_make
A    IOIPSL/example/testconfig.f90
A    IOIPSL/example/testconfig2.f90
A    IOIPSL/example/testhist1.f90
A    IOIPSL/example/testcalendar.f90
A    IOIPSL/example/testflio.f90
A    IOIPSL/example/testhist2.f90
A    IOIPSL/example/AA_make.ldef
A    IOIPSL/example/testrest.f90
A    IOIPSL/example/testopp.f90
A    IOIPSL/arch/arch-ifort_LSCE.path
A    IOIPSL/arch/arch-X64_JEANZAY.fcm
A    IOIPSL/arch/arch-X64_IRENE.fcm
A    IOIPSL/arch/arch-X64_OCCIGEN.fcm
A    IOIPSL/arch/arch-X64_JEANZAY.path
A    IOIPSL/arch/arch-X64_IRENE.path
A    IOIPSL/tools/FCM_V1.2/LICENSE.html
A    IOIPSL/tools/FCM_V1.2/lib/Fcm/BuildTask.pm
A    IOIPSL/tools/FCM_V1.2/lib/Fcm/SrcPackage.pm
A    IOIPSL/tools/FCM_V1.2/lib/Fcm/Extract.pm
A    IOIPSL/tools/FCM_V1.2/lib/Fcm/Build.pm
A    IOIPSL/tools/FCM_V1.2/bin/fcm_update_version_dir.pl
A    IOIPSL/tools/FCM_V1.2/bin/fcm_graphic_diff
A    IOIPSL/tools/FCM_V1.2/etc/fcm_gui.desktop
A    IOIPSL/rebuild/AA_make.ldef
A    IOIPSL/tools/FCM_V1.2/etc/fcm.cfg.eg
A    IOIPSL/rebuild/rebuild
A    IOIPSL/rebuild/flio_rbld.f90
Checked out revision 5879.
OK: ioipsl library is in /mnt/d/OneDrive/MarsClimate/MetJacky/NextAttempt/trunk/IOIPSL/lib
