configure: netCDF-Fortran 4.4.2
checking build system type... x86_64-unknown-linux-gnu
checking host system type... x86_64-unknown-linux-gnu
checking target system type... x86_64-unknown-linux-gnu
checking for a BSD-compatible install... /usr/bin/install -c
checking whether build environment is sane... yes
checking for a thread-safe mkdir -p... /usr/bin/mkdir -p
checking for gawk... gawk
checking whether make sets $(MAKE)... yes
checking whether make supports nested variables... yes
checking whether to enable maintainer-specific portions of Makefiles... no
configure: checking user options
checking whether extra valgrind tests should be run... no
checking whether parallel IO tests should be run... no
checking whether netCDF extra tests should be run (developers only)... no
checking for doxygen... no
configure: WARNING: Doxygen not found - documentation will not be built
checking for dot... no
configure: WARNING: dot not found - will use simple charts in documentation
configure: finding C compiler
checking for gcc... gcc
checking whether the C compiler works... yes
checking for C compiler default output file name... a.out
checking for suffix of executables... 
checking whether we are cross compiling... no
checking for suffix of object files... o
checking whether we are using the GNU C compiler... yes
checking whether gcc accepts -g... yes
checking for gcc option to accept ISO C89... none needed
checking whether gcc understands -c and -o together... yes
checking for style of include used by make... GNU
checking dependency style of gcc... gcc3
checking for an ANSI C-conforming const... yes
configure: finding Fortran compiler
checking whether we are using the GNU Fortran compiler... yes
checking whether gfortran accepts -g... yes
checking for gfortran... gfortran
checking whether we are using the GNU Fortran 77 compiler... yes
checking whether gfortran accepts -g... yes
checking whether Fortran compiler is checked for ISO_C_BINDING support... yes
checking for Fortran flag to compile .f90 files... none
checking fortran 90 modules inclusion flag... -I
checking if Fortran compiler supports Fortran 2003 ISO_C_BINDING... yes
checking if Fortran compiler supports Fortran 2008 ISO_FORTRAN_ENV additions... yes
checking if Fortran compiler supports TS29113 standard extension... yes
checking whether F03 native code is desired... yes
checking whether fortran type sizes should be checked... yes
checking whether large file (> 2GB) tests should be run... no
checking whether benchmaks should be run (experimental)... no
checking where to put large temp files if large file tests are run... .
configure: setting up libtool
checking how to print strings... printf
checking for a sed that does not truncate output... /usr/bin/sed
checking for grep that handles long lines and -e... /usr/bin/grep
checking for egrep... /usr/bin/grep -E
checking for fgrep... /usr/bin/grep -F
checking for ld used by gcc... /usr/bin/ld
checking if the linker (/usr/bin/ld) is GNU ld... yes
checking for BSD- or MS-compatible name lister (nm)... /usr/bin/nm -B
checking the name lister (/usr/bin/nm -B) interface... BSD nm
checking whether ln -s works... yes
checking the maximum length of command line arguments... 1572864
checking how to convert x86_64-unknown-linux-gnu file names to x86_64-unknown-linux-gnu format... func_convert_file_noop
checking how to convert x86_64-unknown-linux-gnu file names to toolchain format... func_convert_file_noop
checking for /usr/bin/ld option to reload object files... -r
checking for objdump... objdump
checking how to recognize dependent libraries... pass_all
checking for dlltool... no
checking how to associate runtime and link libraries... printf %s\n
checking for ar... ar
checking for archiver @FILE support... @
checking for strip... strip
checking for ranlib... ranlib
checking command to parse /usr/bin/nm -B output from gcc object... ok
checking for sysroot... no
checking for a working dd... /usr/bin/dd
checking how to truncate binary pipes... /usr/bin/dd bs=4096 count=1
checking for mt... mt
checking if mt is a manifest tool... no
checking how to run the C preprocessor... gcc -E
checking for ANSI C header files... yes
checking for sys/types.h... yes
checking for sys/stat.h... yes
checking for stdlib.h... yes
checking for string.h... yes
checking for memory.h... yes
checking for strings.h... yes
checking for inttypes.h... yes
checking for stdint.h... yes
checking for unistd.h... yes
checking for dlfcn.h... yes
checking for objdir... .libs
checking if gcc supports -fno-rtti -fno-exceptions... no
checking for gcc option to produce PIC... -fPIC -DPIC
checking if gcc PIC flag -fPIC -DPIC works... yes
checking if gcc static flag -static works... yes
checking if gcc supports -c -o file.o... yes
checking if gcc supports -c -o file.o... (cached) yes
checking whether the gcc linker (/usr/bin/ld -m elf_x86_64) supports shared libraries... yes
checking whether -lc should be explicitly linked in... no
checking dynamic linker characteristics... GNU/Linux ld.so
checking how to hardcode library paths into programs... immediate
checking whether stripping libraries is possible... yes
checking if libtool supports shared libraries... yes
checking whether to build shared libraries... yes
checking whether to build static libraries... yes
checking if libtool supports shared libraries... yes
checking whether to build shared libraries... yes
checking whether to build static libraries... yes
checking for gfortran option to produce PIC... -fPIC
checking if gfortran PIC flag -fPIC works... yes
checking if gfortran static flag -static works... yes
checking if gfortran supports -c -o file.o... yes
checking if gfortran supports -c -o file.o... (cached) yes
checking whether the gfortran linker (/usr/bin/ld -m elf_x86_64) supports shared libraries... yes
checking dynamic linker characteristics... (cached) GNU/Linux ld.so
checking how to hardcode library paths into programs... immediate
checking if libtool supports shared libraries... yes
checking whether to build shared libraries... yes
checking whether to build static libraries... yes
checking for gfortran option to produce PIC... -fPIC
checking if gfortran PIC flag -fPIC works... yes
checking if gfortran static flag -static works... yes
checking if gfortran supports -c -o file.o... yes
checking if gfortran supports -c -o file.o... (cached) yes
checking whether the gfortran linker (/usr/bin/ld -m elf_x86_64) supports shared libraries... yes
checking dynamic linker characteristics... (cached) GNU/Linux ld.so
checking how to hardcode library paths into programs... immediate
configure: finding other utilities
configure: trying to set fortran flags for this platform
checking what FC is set to... gfortran
checking for special C compiler options needed for large files... no
checking for _FILE_OFFSET_BITS value needed for large files... no
checking for /usr/bin/nm... /usr/bin/nm -B
checking nm flags... 
checking for C-equivalent to Fortran routine "SUB"... sub_
checking for Fortran "byte"... yes
checking for Fortran "integer*2"... yes
checking if Fortran "byte" is C "signed char"... yes
checking if Fortran "byte" is C "short"... no
checking if Fortran "byte" is C "int"... no
checking if Fortran "byte" is C "long"... no
checking if Fortran "integer*2" is C "short"... yes
checking if Fortran "integer*2" is C "int"... no
checking if Fortran "integer*2" is C "long"... no
checking if Fortran "integer" is C "int"... yes
checking if Fortran "real" is C "float"... yes
checking if Fortran "doubleprecision" is C "double"... yes
checking for Fortran-equivalent to netCDF "byte"... byte
checking for Fortran-equivalent to netCDF "short"... integer*2
checking whether extra example tests should be run... no
checking whether a win32 DLL is desired... no
configure: checking types, headers, and functions
checking netcdf.h usability... no
checking netcdf.h presence... no
checking for netcdf.h... no
configure: error: netcdf.h could not be found. Please set CPPFLAGS.
