This file contains any messages produced by compilers while
running configure, to aid debugging if configure makes a mistake.

It was created by netCDF-Fortran configure 4.4.2, which was
generated by GNU Autoconf 2.69.  Invocation command line was

  $ ./configure --enable-shared --prefix=/mnt/d/OneDrive/MarsClimate/netcdf-fortran-4.4.2

## --------- ##
## Platform. ##
## --------- ##

hostname = DESKTOP-ML6T1UG
uname -m = x86_64
uname -r = 4.4.0-19041-Microsoft
uname -s = Linux
uname -v = #488-Microsoft Mon Sep 01 13:43:00 PST 2020

/usr/bin/uname -p = x86_64
/bin/uname -X     = unknown

/bin/arch              = x86_64
/usr/bin/arch -k       = unknown
/usr/convex/getsysinfo = unknown
/usr/bin/hostinfo      = unknown
/bin/machine           = unknown
/usr/bin/oslevel       = unknown
/bin/universe          = unknown

PATH: /usr/local/sbin
PATH: /usr/local/bin
PATH: /usr/sbin
PATH: /usr/bin
PATH: /sbin
PATH: /bin
PATH: /snap/bin


## ----------- ##
## Core tests. ##
## ----------- ##

configure:2742: netCDF-Fortran 4.4.2
configure:2782: checking build system type
configure:2796: result: x86_64-unknown-linux-gnu
configure:2816: checking host system type
configure:2829: result: x86_64-unknown-linux-gnu
configure:2851: checking target system type
configure:2864: result: x86_64-unknown-linux-gnu
configure:2908: checking for a BSD-compatible install
configure:2976: result: /usr/bin/install -c
configure:2987: checking whether build environment is sane
configure:3042: result: yes
configure:3191: checking for a thread-safe mkdir -p
configure:3230: result: /usr/bin/mkdir -p
configure:3237: checking for gawk
configure:3253: found /usr/bin/gawk
configure:3264: result: gawk
configure:3275: checking whether make sets $(MAKE)
configure:3297: result: yes
configure:3326: checking whether make supports nested variables
configure:3343: result: yes
configure:3470: checking whether to enable maintainer-specific portions of Makefiles
configure:3479: result: no
configure:3496: checking user options
configure:3500: checking whether extra valgrind tests should be run
configure:3508: result: no
configure:3512: checking whether parallel IO tests should be run
configure:3520: result: no
configure:3524: checking whether netCDF extra tests should be run (developers only)
configure:3532: result: no
configure:3589: checking for doxygen
configure:3619: result: no
configure:3628: WARNING: Doxygen not found - documentation will not be built
configure:3638: checking for dot
configure:3668: result: no
configure:3677: WARNING: dot not found - will use simple charts in documentation
configure:3704: finding C compiler
configure:3755: checking for gcc
configure:3782: result: gcc
configure:4011: checking for C compiler version
configure:4020: gcc --version >&5
gcc (Ubuntu 9.3.0-17ubuntu1~20.04) 9.3.0
Copyright (C) 2019 Free Software Foundation, Inc.
This is free software; see the source for copying conditions.  There is NO
warranty; not even for MERCHANTABILITY or FITNESS FOR A PARTICULAR PURPOSE.

configure:4031: $? = 0
configure:4020: gcc -v >&5
Using built-in specs.
COLLECT_GCC=gcc
COLLECT_LTO_WRAPPER=/usr/lib/gcc/x86_64-linux-gnu/9/lto-wrapper
OFFLOAD_TARGET_NAMES=nvptx-none:hsa
OFFLOAD_TARGET_DEFAULT=1
Target: x86_64-linux-gnu
Configured with: ../src/configure -v --with-pkgversion='Ubuntu 9.3.0-17ubuntu1~20.04' --with-bugurl=file:///usr/share/doc/gcc-9/README.Bugs --enable-languages=c,ada,c++,go,brig,d,fortran,objc,obj-c++,gm2 --prefix=/usr --with-gcc-major-version-only --program-suffix=-9 --program-prefix=x86_64-linux-gnu- --enable-shared --enable-linker-build-id --libexecdir=/usr/lib --without-included-gettext --enable-threads=posix --libdir=/usr/lib --enable-nls --enable-clocale=gnu --enable-libstdcxx-debug --enable-libstdcxx-time=yes --with-default-libstdcxx-abi=new --enable-gnu-unique-object --disable-vtable-verify --enable-plugin --enable-default-pie --with-system-zlib --with-target-system-zlib=auto --enable-objc-gc=auto --enable-multiarch --disable-werror --with-arch-32=i686 --with-abi=m64 --with-multilib-list=m32,m64,mx32 --enable-multilib --with-tune=generic --enable-offload-targets=nvptx-none=/build/gcc-9-HskZEa/gcc-9-9.3.0/debian/tmp-nvptx/usr,hsa --without-cuda-driver --enable-checking=release --build=x86_64-linux-gnu --host=x86_64-linux-gnu --target=x86_64-linux-gnu
Thread model: posix
gcc version 9.3.0 (Ubuntu 9.3.0-17ubuntu1~20.04) 
configure:4031: $? = 0
configure:4020: gcc -V >&5
gcc: error: unrecognized command line option '-V'
gcc: fatal error: no input files
compilation terminated.
configure:4031: $? = 1
configure:4020: gcc -qversion >&5
gcc: error: unrecognized command line option '-qversion'; did you mean '--version'?
gcc: fatal error: no input files
compilation terminated.
configure:4031: $? = 1
configure:4051: checking whether the C compiler works
configure:4073: gcc -O2 -fPIC   conftest.c  >&5
configure:4077: $? = 0
configure:4125: result: yes
configure:4128: checking for C compiler default output file name
configure:4130: result: a.out
configure:4136: checking for suffix of executables
configure:4143: gcc -o conftest -O2 -fPIC   conftest.c  >&5
configure:4147: $? = 0
configure:4169: result: 
configure:4191: checking whether we are cross compiling
configure:4199: gcc -o conftest -O2 -fPIC   conftest.c  >&5
configure:4203: $? = 0
configure:4210: ./conftest
configure:4214: $? = 0
configure:4202: result: no
configure:4207: checking for suffix of object files
configure:4229: gcc -c -O2 -fPIC  conftest.c >&5
configure:4233: $? = 0
configure:4254: result: o
configure:4258: checking whether we are using the GNU C compiler
configure:4277: gcc -c -O2 -fPIC  conftest.c >&5
configure:4277: $? = 0
configure:4286: result: yes
configure:4295: checking whether gcc accepts -g
configure:4315: gcc -c -g  conftest.c >&5
configure:4315: $? = 0
configure:4356: result: yes
configure:4373: checking for gcc option to accept ISO C89
configure:4436: gcc  -c -O2 -fPIC  conftest.c >&5
configure:4436: $? = 0
configure:4449: result: none needed
configure:4474: checking whether gcc understands -c and -o together
configure:4496: gcc -c conftest.c -o conftest2.o
configure:4499: $? = 0
configure:4496: gcc -c conftest.c -o conftest2.o
configure:4499: $? = 0
configure:4511: result: yes
configure:4539: checking for style of include used by make
configure:4567: result: GNU
configure:4593: checking dependency style of gcc
configure:4704: result: gcc3
configure:4721: checking for an ANSI C-conforming const
configure:4787: gcc -c -O2 -fPIC  conftest.c >&5
configure:4787: $? = 0
configure:4794: result: yes
configure:4817: finding Fortran compiler
configure:4925: checking for Fortran compiler version
configure:4934: gfortran --version >&5
GNU Fortran (Ubuntu 9.3.0-17ubuntu1~20.04) 9.3.0
Copyright (C) 2019 Free Software Foundation, Inc.
This is free software; see the source for copying conditions.  There is NO
warranty; not even for MERCHANTABILITY or FITNESS FOR A PARTICULAR PURPOSE.

configure:4945: $? = 0
configure:4934: gfortran -v >&5
Using built-in specs.
COLLECT_GCC=gfortran
COLLECT_LTO_WRAPPER=/usr/lib/gcc/x86_64-linux-gnu/9/lto-wrapper
OFFLOAD_TARGET_NAMES=nvptx-none:hsa
OFFLOAD_TARGET_DEFAULT=1
Target: x86_64-linux-gnu
Configured with: ../src/configure -v --with-pkgversion='Ubuntu 9.3.0-17ubuntu1~20.04' --with-bugurl=file:///usr/share/doc/gcc-9/README.Bugs --enable-languages=c,ada,c++,go,brig,d,fortran,objc,obj-c++,gm2 --prefix=/usr --with-gcc-major-version-only --program-suffix=-9 --program-prefix=x86_64-linux-gnu- --enable-shared --enable-linker-build-id --libexecdir=/usr/lib --without-included-gettext --enable-threads=posix --libdir=/usr/lib --enable-nls --enable-clocale=gnu --enable-libstdcxx-debug --enable-libstdcxx-time=yes --with-default-libstdcxx-abi=new --enable-gnu-unique-object --disable-vtable-verify --enable-plugin --enable-default-pie --with-system-zlib --with-target-system-zlib=auto --enable-objc-gc=auto --enable-multiarch --disable-werror --with-arch-32=i686 --with-abi=m64 --with-multilib-list=m32,m64,mx32 --enable-multilib --with-tune=generic --enable-offload-targets=nvptx-none=/build/gcc-9-HskZEa/gcc-9-9.3.0/debian/tmp-nvptx/usr,hsa --without-cuda-driver --enable-checking=release --build=x86_64-linux-gnu --host=x86_64-linux-gnu --target=x86_64-linux-gnu
Thread model: posix
gcc version 9.3.0 (Ubuntu 9.3.0-17ubuntu1~20.04) 
configure:4945: $? = 0
configure:4934: gfortran -V >&5
gfortran: error: unrecognized command line option '-V'
gfortran: fatal error: no input files
compilation terminated.
configure:4945: $? = 1
configure:4934: gfortran -qversion >&5
gfortran: error: unrecognized command line option '-qversion'; did you mean '--version'?
gfortran: fatal error: no input files
compilation terminated.
configure:4945: $? = 1
configure:4954: checking whether we are using the GNU Fortran compiler
configure:4967: gfortran -c -O2 -ffree-form -fPIC  conftest.F >&5
configure:4967: $? = 0
configure:4976: result: yes
configure:4982: checking whether gfortran accepts -g
configure:4993: gfortran -c -g  conftest.f >&5
configure:4993: $? = 0
configure:5001: result: yes
configure:5083: checking for gfortran
configure:5099: found /usr/bin/gfortran
configure:5110: result: gfortran
configure:5136: checking for Fortran 77 compiler version
configure:5145: gfortran --version >&5
GNU Fortran (Ubuntu 9.3.0-17ubuntu1~20.04) 9.3.0
Copyright (C) 2019 Free Software Foundation, Inc.
This is free software; see the source for copying conditions.  There is NO
warranty; not even for MERCHANTABILITY or FITNESS FOR A PARTICULAR PURPOSE.

configure:5156: $? = 0
configure:5145: gfortran -v >&5
Using built-in specs.
COLLECT_GCC=gfortran
COLLECT_LTO_WRAPPER=/usr/lib/gcc/x86_64-linux-gnu/9/lto-wrapper
OFFLOAD_TARGET_NAMES=nvptx-none:hsa
OFFLOAD_TARGET_DEFAULT=1
Target: x86_64-linux-gnu
Configured with: ../src/configure -v --with-pkgversion='Ubuntu 9.3.0-17ubuntu1~20.04' --with-bugurl=file:///usr/share/doc/gcc-9/README.Bugs --enable-languages=c,ada,c++,go,brig,d,fortran,objc,obj-c++,gm2 --prefix=/usr --with-gcc-major-version-only --program-suffix=-9 --program-prefix=x86_64-linux-gnu- --enable-shared --enable-linker-build-id --libexecdir=/usr/lib --without-included-gettext --enable-threads=posix --libdir=/usr/lib --enable-nls --enable-clocale=gnu --enable-libstdcxx-debug --enable-libstdcxx-time=yes --with-default-libstdcxx-abi=new --enable-gnu-unique-object --disable-vtable-verify --enable-plugin --enable-default-pie --with-system-zlib --with-target-system-zlib=auto --enable-objc-gc=auto --enable-multiarch --disable-werror --with-arch-32=i686 --with-abi=m64 --with-multilib-list=m32,m64,mx32 --enable-multilib --with-tune=generic --enable-offload-targets=nvptx-none=/build/gcc-9-HskZEa/gcc-9-9.3.0/debian/tmp-nvptx/usr,hsa --without-cuda-driver --enable-checking=release --build=x86_64-linux-gnu --host=x86_64-linux-gnu --target=x86_64-linux-gnu
Thread model: posix
gcc version 9.3.0 (Ubuntu 9.3.0-17ubuntu1~20.04) 
configure:5156: $? = 0
configure:5145: gfortran -V >&5
gfortran: error: unrecognized command line option '-V'
gfortran: fatal error: no input files
compilation terminated.
configure:5156: $? = 1
configure:5145: gfortran -qversion >&5
gfortran: error: unrecognized command line option '-qversion'; did you mean '--version'?
gfortran: fatal error: no input files
compilation terminated.
configure:5156: $? = 1
configure:5165: checking whether we are using the GNU Fortran 77 compiler
configure:5178: gfortran -c  -O2 -fPIC conftest.F >&5
configure:5178: $? = 0
configure:5187: result: yes
configure:5193: checking whether gfortran accepts -g
configure:5204: gfortran -c -g conftest.f >&5
configure:5204: $? = 0
configure:5212: result: yes
configure:5256: checking whether Fortran compiler is checked for ISO_C_BINDING support
configure:5264: result: yes
configure:5284: checking for Fortran flag to compile .f90 files
configure:5304: gfortran -c -O2 -ffree-form -fPIC  conftest.f90 >&5
configure:5304: $? = 0
configure:5313: result: none
configure:5341: checking fortran 90 modules inclusion flag
configure:5366: gfortran -c -O2 -ffree-form -fPIC  conftest.f90 >&5
configure:5366: $? = 0
configure:5383: gfortran -c -O2 -ffree-form -fPIC -Itmpdir_0  conftest.f90 >&5
configure:5383: $? = 0
configure:5402: result: -I
configure:5407: checking if Fortran compiler supports Fortran 2003 ISO_C_BINDING
configure:5415: gfortran -c -O2 -ffree-form -fPIC  conftest.f90
configure:5418: $? = 0
configure:5424: result: yes
configure:5427: checking if Fortran compiler supports Fortran 2008 ISO_FORTRAN_ENV additions
configure:5435: gfortran -c -O2 -ffree-form -fPIC  conftest.f90
configure:5438: $? = 0
configure:5447: result: yes
configure:5450: checking if Fortran compiler supports TS29113 standard extension
configure:5458: gfortran -c -O2 -ffree-form -fPIC  conftest.f90
configure:5461: $? = 0
configure:5470: result: yes
configure:5489: checking whether F03 native code is desired
configure:5497: result: yes
configure:5518: checking whether fortran type sizes should be checked
configure:5526: result: yes
configure:5530: checking whether large file (> 2GB) tests should be run
configure:5538: result: no
configure:5555: checking whether benchmaks should be run (experimental)
configure:5563: result: no
configure:5577: checking where to put large temp files if large file tests are run
configure:5586: result: .
configure:5773: setting up libtool
configure:5822: checking how to print strings
configure:5849: result: printf
configure:5870: checking for a sed that does not truncate output
configure:5934: result: /usr/bin/sed
configure:5952: checking for grep that handles long lines and -e
configure:6010: result: /usr/bin/grep
configure:6015: checking for egrep
configure:6077: result: /usr/bin/grep -E
configure:6082: checking for fgrep
configure:6144: result: /usr/bin/grep -F
configure:6179: checking for ld used by gcc
configure:6246: result: /usr/bin/ld
configure:6253: checking if the linker (/usr/bin/ld) is GNU ld
configure:6268: result: yes
configure:6280: checking for BSD- or MS-compatible name lister (nm)
configure:6334: result: /usr/bin/nm -B
configure:6464: checking the name lister (/usr/bin/nm -B) interface
configure:6471: gcc -c -O2 -fPIC  conftest.c >&5
configure:6474: /usr/bin/nm -B "conftest.o"
configure:6477: output
0000000000000000 B some_variable
configure:6478: result: BSD nm
configure:6481: checking whether ln -s works
configure:6485: result: yes
configure:6493: checking the maximum length of command line arguments
configure:6624: result: 1572864
configure:6672: checking how to convert x86_64-unknown-linux-gnu file names to x86_64-unknown-linux-gnu format
configure:6712: result: func_convert_file_noop
configure:6719: checking how to convert x86_64-unknown-linux-gnu file names to toolchain format
configure:6739: result: func_convert_file_noop
configure:6746: checking for /usr/bin/ld option to reload object files
configure:6753: result: -r
configure:6827: checking for objdump
configure:6843: found /usr/bin/objdump
configure:6854: result: objdump
configure:6886: checking how to recognize dependent libraries
configure:7086: result: pass_all
configure:7171: checking for dlltool
configure:7201: result: no
configure:7231: checking how to associate runtime and link libraries
configure:7258: result: printf %s\n
configure:7318: checking for ar
configure:7334: found /usr/bin/ar
configure:7345: result: ar
configure:7382: checking for archiver @FILE support
configure:7399: gcc -c -O2 -fPIC  conftest.c >&5
configure:7399: $? = 0
configure:7402: ar cru libconftest.a @conftest.lst >&5
ar: `u' modifier ignored since `D' is the default (see `U')
configure:7405: $? = 0
configure:7410: ar cru libconftest.a @conftest.lst >&5
ar: `u' modifier ignored since `D' is the default (see `U')
ar: conftest.o: No such file or directory
configure:7413: $? = 1
configure:7412: result: @
configure:7470: checking for strip
configure:7486: found /usr/bin/strip
configure:7497: result: strip
configure:7569: checking for ranlib
configure:7585: found /usr/bin/ranlib
configure:7596: result: ranlib
configure:7698: checking command to parse /usr/bin/nm -B output from gcc object
configure:7851: gcc -c -O2 -fPIC  conftest.c >&5
configure:7854: $? = 0
configure:7858: /usr/bin/nm -B conftest.o \| sed -n -e 's/^.*[ ]\([ABCDGIRSTW][ABCDGIRSTW]*\)[ ][ ]*\([_A-Za-z][_A-Za-z0-9]*\)$/\1 \2 \2/p' | sed '/ __gnu_lto/d' \> conftest.nm
configure:7861: $? = 0
configure:7927: gcc -o conftest -O2 -fPIC   conftest.c conftstm.o >&5
configure:7930: $? = 0
configure:7968: result: ok
configure:8015: checking for sysroot
configure:8045: result: no
configure:8052: checking for a working dd
configure:8090: result: /usr/bin/dd
configure:8094: checking how to truncate binary pipes
configure:8109: result: /usr/bin/dd bs=4096 count=1
configure:8245: gcc -c -O2 -fPIC  conftest.c >&5
configure:8248: $? = 0
configure:8438: checking for mt
configure:8454: found /usr/bin/mt
configure:8465: result: mt
configure:8488: checking if mt is a manifest tool
configure:8494: mt '-?'
configure:8502: result: no
configure:9179: checking how to run the C preprocessor
configure:9210: gcc -E  conftest.c
configure:9210: $? = 0
configure:9224: gcc -E  conftest.c
conftest.c:14:10: fatal error: ac_nonexistent.h: No such file or directory
   14 | #include <ac_nonexistent.h>
      |          ^~~~~~~~~~~~~~~~~~
compilation terminated.
configure:9224: $? = 1
configure: failed program was:
| /* confdefs.h */
| #define PACKAGE_NAME "netCDF-Fortran"
| #define PACKAGE_TARNAME "netcdf-fortran"
| #define PACKAGE_VERSION "4.4.2"
| #define PACKAGE_STRING "netCDF-Fortran 4.4.2"
| #define PACKAGE_BUGREPORT "support-netcdf@unidata.ucar.edu"
| #define PACKAGE_URL ""
| #define PACKAGE "netcdf-fortran"
| #define VERSION "4.4.2"
| #define HAVE_F2008 1
| #define HAVE_TS29113_SUPPORT 1
| #define TEMP_LARGE "."
| /* end confdefs.h.  */
| #include <ac_nonexistent.h>
configure:9249: result: gcc -E
configure:9269: gcc -E  conftest.c
configure:9269: $? = 0
configure:9283: gcc -E  conftest.c
conftest.c:14:10: fatal error: ac_nonexistent.h: No such file or directory
   14 | #include <ac_nonexistent.h>
      |          ^~~~~~~~~~~~~~~~~~
compilation terminated.
configure:9283: $? = 1
configure: failed program was:
| /* confdefs.h */
| #define PACKAGE_NAME "netCDF-Fortran"
| #define PACKAGE_TARNAME "netcdf-fortran"
| #define PACKAGE_VERSION "4.4.2"
| #define PACKAGE_STRING "netCDF-Fortran 4.4.2"
| #define PACKAGE_BUGREPORT "support-netcdf@unidata.ucar.edu"
| #define PACKAGE_URL ""
| #define PACKAGE "netcdf-fortran"
| #define VERSION "4.4.2"
| #define HAVE_F2008 1
| #define HAVE_TS29113_SUPPORT 1
| #define TEMP_LARGE "."
| /* end confdefs.h.  */
| #include <ac_nonexistent.h>
configure:9312: checking for ANSI C header files
configure:9332: gcc -c -O2 -fPIC  conftest.c >&5
configure:9332: $? = 0
configure:9405: gcc -o conftest -O2 -fPIC   conftest.c  >&5
configure:9405: $? = 0
configure:9405: ./conftest
configure:9405: $? = 0
configure:9416: result: yes
configure:9429: checking for sys/types.h
configure:9429: gcc -c -O2 -fPIC  conftest.c >&5
configure:9429: $? = 0
configure:9429: result: yes
configure:9429: checking for sys/stat.h
configure:9429: gcc -c -O2 -fPIC  conftest.c >&5
configure:9429: $? = 0
configure:9429: result: yes
configure:9429: checking for stdlib.h
configure:9429: gcc -c -O2 -fPIC  conftest.c >&5
configure:9429: $? = 0
configure:9429: result: yes
configure:9429: checking for string.h
configure:9429: gcc -c -O2 -fPIC  conftest.c >&5
configure:9429: $? = 0
configure:9429: result: yes
configure:9429: checking for memory.h
configure:9429: gcc -c -O2 -fPIC  conftest.c >&5
configure:9429: $? = 0
configure:9429: result: yes
configure:9429: checking for strings.h
configure:9429: gcc -c -O2 -fPIC  conftest.c >&5
configure:9429: $? = 0
configure:9429: result: yes
configure:9429: checking for inttypes.h
configure:9429: gcc -c -O2 -fPIC  conftest.c >&5
configure:9429: $? = 0
configure:9429: result: yes
configure:9429: checking for stdint.h
configure:9429: gcc -c -O2 -fPIC  conftest.c >&5
configure:9429: $? = 0
configure:9429: result: yes
configure:9429: checking for unistd.h
configure:9429: gcc -c -O2 -fPIC  conftest.c >&5
configure:9429: $? = 0
configure:9429: result: yes
configure:9443: checking for dlfcn.h
configure:9443: gcc -c -O2 -fPIC  conftest.c >&5
configure:9443: $? = 0
configure:9443: result: yes
configure:9710: checking for objdir
configure:9725: result: .libs
configure:9989: checking if gcc supports -fno-rtti -fno-exceptions
configure:10007: gcc -c -O2 -fPIC  -fno-rtti -fno-exceptions conftest.c >&5
cc1: warning: command line option '-fno-rtti' is valid for C++/D/ObjC++ but not for C
configure:10011: $? = 0
configure:10024: result: no
configure:10382: checking for gcc option to produce PIC
configure:10389: result: -fPIC -DPIC
configure:10397: checking if gcc PIC flag -fPIC -DPIC works
configure:10415: gcc -c -O2 -fPIC  -fPIC -DPIC -DPIC conftest.c >&5
configure:10419: $? = 0
configure:10432: result: yes
configure:10461: checking if gcc static flag -static works
configure:10489: result: yes
configure:10504: checking if gcc supports -c -o file.o
configure:10525: gcc -c -O2 -fPIC  -o out/conftest2.o conftest.c >&5
configure:10529: $? = 0
configure:10551: result: yes
configure:10559: checking if gcc supports -c -o file.o
configure:10606: result: yes
configure:10639: checking whether the gcc linker (/usr/bin/ld -m elf_x86_64) supports shared libraries
configure:11898: result: yes
configure:11935: checking whether -lc should be explicitly linked in
configure:11943: gcc -c -O2 -fPIC  conftest.c >&5
configure:11946: $? = 0
configure:11961: gcc -shared  -fPIC -DPIC conftest.o  -v -Wl,-soname -Wl,conftest -o conftest 2\>\&1 \| /usr/bin/grep  -lc  \>/dev/null 2\>\&1
configure:11964: $? = 0
configure:11978: result: no
configure:12138: checking dynamic linker characteristics
configure:12719: gcc -o conftest -O2 -fPIC   -Wl,-rpath -Wl,/foo conftest.c  >&5
configure:12719: $? = 0
configure:12956: result: GNU/Linux ld.so
configure:13071: checking how to hardcode library paths into programs
configure:13096: result: immediate
configure:13644: checking whether stripping libraries is possible
configure:13649: result: yes
configure:13684: checking if libtool supports shared libraries
configure:13686: result: yes
configure:13689: checking whether to build shared libraries
configure:13714: result: yes
configure:13717: checking whether to build static libraries
configure:13721: result: yes
configure:10637: checking if libtool supports shared libraries
configure:10639: result: yes
configure:10642: checking whether to build shared libraries
configure:10666: result: yes
configure:10669: checking whether to build static libraries
configure:10673: result: yes
configure:11025: checking for gfortran option to produce PIC
configure:11032: result: -fPIC
configure:11040: checking if gfortran PIC flag -fPIC works
configure:11058: gfortran -c  -O2 -fPIC -fPIC conftest.f >&5
configure:11062: $? = 0
configure:11075: result: yes
configure:11098: checking if gfortran static flag -static works
configure:11126: result: yes
configure:11138: checking if gfortran supports -c -o file.o
configure:11159: gfortran -c  -O2 -fPIC -o out/conftest2.o conftest.f >&5
configure:11163: $? = 0
configure:11185: result: yes
configure:11190: checking if gfortran supports -c -o file.o
configure:11237: result: yes
configure:11267: checking whether the gfortran linker (/usr/bin/ld -m elf_x86_64) supports shared libraries
configure:12476: result: yes
configure:12617: checking dynamic linker characteristics
configure:13356: result: GNU/Linux ld.so
configure:13417: checking how to hardcode library paths into programs
configure:13442: result: immediate
configure:11273: checking if libtool supports shared libraries
configure:11275: result: yes
configure:11278: checking whether to build shared libraries
configure:11302: result: yes
configure:11305: checking whether to build static libraries
configure:11309: result: yes
configure:11343: gfortran -c -O2 -ffree-form -fPIC  conftest.f90 >&5
configure:11346: $? = 0
configure:11824: checking for gfortran option to produce PIC
configure:11831: result: -fPIC
configure:11839: checking if gfortran PIC flag -fPIC works
configure:11857: gfortran -c -O2 -ffree-form -fPIC -fPIC  conftest.f90 >&5
configure:11861: $? = 0
configure:11874: result: yes
configure:11897: checking if gfortran static flag -static works
configure:11925: result: yes
configure:11937: checking if gfortran supports -c -o file.o
configure:11958: gfortran -c -O2 -ffree-form -fPIC -o out/conftest2.o  conftest.f90 >&5
configure:11962: $? = 0
configure:11984: result: yes
configure:11989: checking if gfortran supports -c -o file.o
configure:12036: result: yes
configure:12066: checking whether the gfortran linker (/usr/bin/ld -m elf_x86_64) supports shared libraries
configure:13275: result: yes
configure:13416: checking dynamic linker characteristics
configure:14155: result: GNU/Linux ld.so
configure:14216: checking how to hardcode library paths into programs
configure:14241: result: immediate
configure:11996: finding other utilities
configure:12002: trying to set fortran flags for this platform
configure:12004: checking what FC is set to
configure:12006: result: gfortran
configure:12068: checking for special C compiler options needed for large files
configure:12113: result: no
configure:12119: checking for _FILE_OFFSET_BITS value needed for large files
configure:12144: gcc -c -O2 -fPIC  conftest.c >&5
configure:12144: $? = 0
configure:12176: result: no
configure:12324: checking for /usr/bin/nm
configure:12351: result: /usr/bin/nm -B
configure:12364: checking nm flags
configure:12369: result: 
configure:12381: checking for C-equivalent to Fortran routine "SUB"
configure:12388: gfortran -c  -O2 -fPIC conftest.f
configure:12391: $? = 0
configure:12401: result: sub_
configure:12421: checking for Fortran "byte"
configure:12429: gfortran -c  -O2 -fPIC conftest.f
configure:12432: $? = 0
configure:12434: result: yes
configure:12452: checking for Fortran "integer*2"
configure:12460: gfortran -c  -O2 -fPIC conftest.f
configure:12463: $? = 0
configure:12465: result: yes
configure:12492: checking if Fortran "byte" is C "signed char"
configure:12502: gcc -c  -O2 -fPIC conftest.c
conftest.c: In function 'sub_':
conftest.c:4:3: warning: implicit declaration of function 'exit' [-Wimplicit-function-declaration]
    4 |   exit(values[1] != -2 || values[2] != -3);
      |   ^~~~
conftest.c:4:3: warning: incompatible implicit declaration of built-in function 'exit'
conftest.c:1:1: note: include '<stdlib.h>' or provide a declaration of 'exit'
  +++ |+#include <stdlib.h>
    1 |      void sub_(values)
configure:12505: $? = 0
configure:12508: gfortran  -O2 -fPIC -c conftestf.f
configure:12511: $? = 0
configure:12514: gfortran -o conftest  -O2 -fPIC  conftestf.o conftest.o  
configure:12517: $? = 0
configure:12520: ./conftest
configure:12523: $? = 0
configure:12525: result: yes
configure:12559: checking if Fortran "byte" is C "short"
configure:12569: gcc -c  -O2 -fPIC conftest.c
conftest.c: In function 'sub_':
conftest.c:4:3: warning: implicit declaration of function 'exit' [-Wimplicit-function-declaration]
    4 |   exit(values[1] != -2 || values[2] != -3);
      |   ^~~~
conftest.c:4:3: warning: incompatible implicit declaration of built-in function 'exit'
conftest.c:1:1: note: include '<stdlib.h>' or provide a declaration of 'exit'
  +++ |+#include <stdlib.h>
    1 |      void sub_(values)
configure:12572: $? = 0
configure:12575: gfortran  -O2 -fPIC -c conftestf.f
configure:12578: $? = 0
configure:12581: gfortran -o conftest  -O2 -fPIC  conftestf.o conftest.o  
configure:12584: $? = 0
configure:12587: ./conftest
configure:12590: $? = 1
configure:12603: result: no
configure:12626: checking if Fortran "byte" is C "int"
configure:12636: gcc -c  -O2 -fPIC conftest.c
conftest.c: In function 'sub_':
conftest.c:4:3: warning: implicit declaration of function 'exit' [-Wimplicit-function-declaration]
    4 |   exit(values[1] != -2 || values[2] != -3);
      |   ^~~~
conftest.c:4:3: warning: incompatible implicit declaration of built-in function 'exit'
conftest.c:1:1: note: include '<stdlib.h>' or provide a declaration of 'exit'
  +++ |+#include <stdlib.h>
    1 |      void sub_(values)
configure:12639: $? = 0
configure:12642: gfortran  -O2 -fPIC -c conftestf.f
configure:12645: $? = 0
configure:12648: gfortran -o conftest  -O2 -fPIC  conftestf.o conftest.o  
configure:12651: $? = 0
configure:12654: ./conftest
configure:12657: $? = 1
configure:12670: result: no
configure:12693: checking if Fortran "byte" is C "long"
configure:12703: gcc -c  -O2 -fPIC conftest.c
conftest.c: In function 'sub_':
conftest.c:4:3: warning: implicit declaration of function 'exit' [-Wimplicit-function-declaration]
    4 |   exit(values[1] != -2 || values[2] != -3);
      |   ^~~~
conftest.c:4:3: warning: incompatible implicit declaration of built-in function 'exit'
conftest.c:1:1: note: include '<stdlib.h>' or provide a declaration of 'exit'
  +++ |+#include <stdlib.h>
    1 |      void sub_(values)
configure:12706: $? = 0
configure:12709: gfortran  -O2 -fPIC -c conftestf.f
configure:12712: $? = 0
configure:12715: gfortran -o conftest  -O2 -fPIC  conftestf.o conftest.o  
configure:12718: $? = 0
configure:12721: ./conftest
configure:12724: $? = 1
configure:12737: result: no
configure:12764: checking if Fortran "integer*2" is C "short"
configure:12774: gcc -c  -O2 -fPIC conftest.c
conftest.c: In function 'sub_':
conftest.c:4:3: warning: implicit declaration of function 'exit' [-Wimplicit-function-declaration]
    4 |   exit(values[1] != -2 || values[2] != -3);
      |   ^~~~
conftest.c:4:3: warning: incompatible implicit declaration of built-in function 'exit'
conftest.c:1:1: note: include '<stdlib.h>' or provide a declaration of 'exit'
  +++ |+#include <stdlib.h>
    1 |      void sub_(values)
configure:12777: $? = 0
configure:12780: gfortran  -O2 -fPIC -c conftestf.f
configure:12783: $? = 0
configure:12786: gfortran -o conftest  -O2 -fPIC  conftestf.o conftest.o  
configure:12789: $? = 0
configure:12792: ./conftest
configure:12795: $? = 0
configure:12797: result: yes
configure:12831: checking if Fortran "integer*2" is C "int"
configure:12841: gcc -c  -O2 -fPIC conftest.c
conftest.c: In function 'sub_':
conftest.c:4:3: warning: implicit declaration of function 'exit' [-Wimplicit-function-declaration]
    4 |   exit(values[1] != -2 || values[2] != -3);
      |   ^~~~
conftest.c:4:3: warning: incompatible implicit declaration of built-in function 'exit'
conftest.c:1:1: note: include '<stdlib.h>' or provide a declaration of 'exit'
  +++ |+#include <stdlib.h>
    1 |      void sub_(values)
configure:12844: $? = 0
configure:12847: gfortran  -O2 -fPIC -c conftestf.f
configure:12850: $? = 0
configure:12853: gfortran -o conftest  -O2 -fPIC  conftestf.o conftest.o  
configure:12856: $? = 0
configure:12859: ./conftest
configure:12862: $? = 1
configure:12875: result: no
configure:12898: checking if Fortran "integer*2" is C "long"
configure:12908: gcc -c  -O2 -fPIC conftest.c
conftest.c: In function 'sub_':
conftest.c:4:3: warning: implicit declaration of function 'exit' [-Wimplicit-function-declaration]
    4 |   exit(values[1] != -2 || values[2] != -3);
      |   ^~~~
conftest.c:4:3: warning: incompatible implicit declaration of built-in function 'exit'
conftest.c:1:1: note: include '<stdlib.h>' or provide a declaration of 'exit'
  +++ |+#include <stdlib.h>
    1 |      void sub_(values)
configure:12911: $? = 0
configure:12914: gfortran  -O2 -fPIC -c conftestf.f
configure:12917: $? = 0
configure:12920: gfortran -o conftest  -O2 -fPIC  conftestf.o conftest.o  
configure:12923: $? = 0
configure:12926: ./conftest
configure:12929: $? = 1
configure:12942: result: no
configure:12967: checking if Fortran "integer" is C "int"
configure:12977: gcc -c  -O2 -fPIC conftest.c
conftest.c: In function 'sub_':
conftest.c:4:3: warning: implicit declaration of function 'exit' [-Wimplicit-function-declaration]
    4 |   exit(values[1] != -2 || values[2] != -3);
      |   ^~~~
conftest.c:4:3: warning: incompatible implicit declaration of built-in function 'exit'
conftest.c:1:1: note: include '<stdlib.h>' or provide a declaration of 'exit'
  +++ |+#include <stdlib.h>
    1 |      void sub_(values)
configure:12980: $? = 0
configure:12983: gfortran  -O2 -fPIC -c conftestf.f
configure:12986: $? = 0
configure:12989: gfortran -o conftest  -O2 -fPIC  conftestf.o conftest.o  
configure:12992: $? = 0
configure:12995: ./conftest
configure:12998: $? = 0
configure:13000: result: yes
configure:13034: checking if Fortran "real" is C "float"
configure:13044: gcc -c  -O2 -fPIC conftest.c
conftest.c: In function 'sub_':
conftest.c:4:3: warning: implicit declaration of function 'exit' [-Wimplicit-function-declaration]
    4 |   exit(values[1] != -2 || values[2] != -3);
      |   ^~~~
conftest.c:4:3: warning: incompatible implicit declaration of built-in function 'exit'
conftest.c:1:1: note: include '<stdlib.h>' or provide a declaration of 'exit'
  +++ |+#include <stdlib.h>
    1 |      void sub_(values)
configure:13047: $? = 0
configure:13050: gfortran  -O2 -fPIC -c conftestf.f
configure:13053: $? = 0
configure:13056: gfortran -o conftest  -O2 -fPIC  conftestf.o conftest.o  
configure:13059: $? = 0
configure:13062: ./conftest
configure:13065: $? = 0
configure:13067: result: yes
configure:13101: checking if Fortran "doubleprecision" is C "double"
configure:13111: gcc -c  -O2 -fPIC conftest.c
conftest.c: In function 'sub_':
conftest.c:4:3: warning: implicit declaration of function 'exit' [-Wimplicit-function-declaration]
    4 |   exit(values[1] != -2 || values[2] != -3);
      |   ^~~~
conftest.c:4:3: warning: incompatible implicit declaration of built-in function 'exit'
conftest.c:1:1: note: include '<stdlib.h>' or provide a declaration of 'exit'
  +++ |+#include <stdlib.h>
    1 |      void sub_(values)
configure:13114: $? = 0
configure:13117: gfortran  -O2 -fPIC -c conftestf.f
configure:13120: $? = 0
configure:13123: gfortran -o conftest  -O2 -fPIC  conftestf.o conftest.o  
configure:13126: $? = 0
configure:13129: ./conftest
configure:13132: $? = 0
configure:13134: result: yes
configure:13162: checking for Fortran-equivalent to netCDF "byte"
configure:13170: gfortran -c  -O2 -fPIC conftest.f
configure:13173: $? = 0
configure:13184: result: byte
configure:13190: checking for Fortran-equivalent to netCDF "short"
configure:13198: gfortran -c  -O2 -fPIC conftest.f
configure:13201: $? = 0
configure:13212: result: integer*2
configure:13305: checking whether extra example tests should be run
configure:13313: result: no
configure:13326: checking whether a win32 DLL is desired
configure:13334: result: no
configure:13350: checking types, headers, and functions
configure:13356: checking netcdf.h usability
configure:13356: gcc -c -O2 -fPIC  conftest.c >&5
conftest.c:69:10: fatal error: netcdf.h: No such file or directory
   69 | #include <netcdf.h>
      |          ^~~~~~~~~~
compilation terminated.
configure:13356: $? = 1
configure: failed program was:
| /* confdefs.h */
| #define PACKAGE_NAME "netCDF-Fortran"
| #define PACKAGE_TARNAME "netcdf-fortran"
| #define PACKAGE_VERSION "4.4.2"
| #define PACKAGE_STRING "netCDF-Fortran 4.4.2"
| #define PACKAGE_BUGREPORT "support-netcdf@unidata.ucar.edu"
| #define PACKAGE_URL ""
| #define PACKAGE "netcdf-fortran"
| #define VERSION "4.4.2"
| #define HAVE_F2008 1
| #define HAVE_TS29113_SUPPORT 1
| #define TEMP_LARGE "."
| #define STDC_HEADERS 1
| #define HAVE_SYS_TYPES_H 1
| #define HAVE_SYS_STAT_H 1
| #define HAVE_STDLIB_H 1
| #define HAVE_STRING_H 1
| #define HAVE_MEMORY_H 1
| #define HAVE_STRINGS_H 1
| #define HAVE_INTTYPES_H 1
| #define HAVE_STDINT_H 1
| #define HAVE_UNISTD_H 1
| #define HAVE_DLFCN_H 1
| #define LT_OBJDIR ".libs/"
| #define pgiFortran 1
| #define NF_INT1_T byte
| #define NF_INT2_T integer*2
| #define NF_INT1_IS_C_SIGNED_CHAR 1
| #define NF_INT2_IS_C_SHORT 1
| #define NF_INT_IS_C_INT 1
| #define NF_REAL_IS_C_FLOAT 1
| #define NF_DOUBLEPRECISION_IS_C_DOUBLE 1
| #define NCBYTE_T byte
| #define NCSHORT_T integer*2
| /* end confdefs.h.  */
| #include <stdio.h>
| #ifdef HAVE_SYS_TYPES_H
| # include <sys/types.h>
| #endif
| #ifdef HAVE_SYS_STAT_H
| # include <sys/stat.h>
| #endif
| #ifdef STDC_HEADERS
| # include <stdlib.h>
| # include <stddef.h>
| #else
| # ifdef HAVE_STDLIB_H
| #  include <stdlib.h>
| # endif
| #endif
| #ifdef HAVE_STRING_H
| # if !defined STDC_HEADERS && defined HAVE_MEMORY_H
| #  include <memory.h>
| # endif
| # include <string.h>
| #endif
| #ifdef HAVE_STRINGS_H
| # include <strings.h>
| #endif
| #ifdef HAVE_INTTYPES_H
| # include <inttypes.h>
| #endif
| #ifdef HAVE_STDINT_H
| # include <stdint.h>
| #endif
| #ifdef HAVE_UNISTD_H
| # include <unistd.h>
| #endif
| #include <netcdf.h>
configure:13356: result: no
configure:13356: checking netcdf.h presence
configure:13356: gcc -E  conftest.c
conftest.c:36:10: fatal error: netcdf.h: No such file or directory
   36 | #include <netcdf.h>
      |          ^~~~~~~~~~
compilation terminated.
configure:13356: $? = 1
configure: failed program was:
| /* confdefs.h */
| #define PACKAGE_NAME "netCDF-Fortran"
| #define PACKAGE_TARNAME "netcdf-fortran"
| #define PACKAGE_VERSION "4.4.2"
| #define PACKAGE_STRING "netCDF-Fortran 4.4.2"
| #define PACKAGE_BUGREPORT "support-netcdf@unidata.ucar.edu"
| #define PACKAGE_URL ""
| #define PACKAGE "netcdf-fortran"
| #define VERSION "4.4.2"
| #define HAVE_F2008 1
| #define HAVE_TS29113_SUPPORT 1
| #define TEMP_LARGE "."
| #define STDC_HEADERS 1
| #define HAVE_SYS_TYPES_H 1
| #define HAVE_SYS_STAT_H 1
| #define HAVE_STDLIB_H 1
| #define HAVE_STRING_H 1
| #define HAVE_MEMORY_H 1
| #define HAVE_STRINGS_H 1
| #define HAVE_INTTYPES_H 1
| #define HAVE_STDINT_H 1
| #define HAVE_UNISTD_H 1
| #define HAVE_DLFCN_H 1
| #define LT_OBJDIR ".libs/"
| #define pgiFortran 1
| #define NF_INT1_T byte
| #define NF_INT2_T integer*2
| #define NF_INT1_IS_C_SIGNED_CHAR 1
| #define NF_INT2_IS_C_SHORT 1
| #define NF_INT_IS_C_INT 1
| #define NF_REAL_IS_C_FLOAT 1
| #define NF_DOUBLEPRECISION_IS_C_DOUBLE 1
| #define NCBYTE_T byte
| #define NCSHORT_T integer*2
| /* end confdefs.h.  */
| #include <netcdf.h>
configure:13356: result: no
configure:13356: checking for netcdf.h
configure:13356: result: no
configure:13363: error: netcdf.h could not be found. Please set CPPFLAGS.

## ---------------- ##
## Cache variables. ##
## ---------------- ##

ac_cv_build=x86_64-unknown-linux-gnu
ac_cv_c_compiler_gnu=yes
ac_cv_c_const=yes
ac_cv_env_CC_set=set
ac_cv_env_CC_value=gcc
ac_cv_env_CFLAGS_set=set
ac_cv_env_CFLAGS_value='-O2 -fPIC'
ac_cv_env_CPPFLAGS_set=set
ac_cv_env_CPPFLAGS_value=
ac_cv_env_CPP_set=
ac_cv_env_CPP_value=
ac_cv_env_F77_set=
ac_cv_env_F77_value=
ac_cv_env_FCFLAGS_set=set
ac_cv_env_FCFLAGS_value='-O2 -ffree-form -fPIC'
ac_cv_env_FC_set=set
ac_cv_env_FC_value=gfortran
ac_cv_env_FFLAGS_set=set
ac_cv_env_FFLAGS_value=' -O2 -fPIC'
ac_cv_env_LDFLAGS_set=
ac_cv_env_LDFLAGS_value=
ac_cv_env_LIBS_set=
ac_cv_env_LIBS_value=
ac_cv_env_LT_SYS_LIBRARY_PATH_set=
ac_cv_env_LT_SYS_LIBRARY_PATH_value=
ac_cv_env_build_alias_set=
ac_cv_env_build_alias_value=
ac_cv_env_host_alias_set=
ac_cv_env_host_alias_value=
ac_cv_env_target_alias_set=
ac_cv_env_target_alias_value=
ac_cv_f77_compiler_gnu=yes
ac_cv_fc_compiler_gnu=yes
ac_cv_fc_srcext_f90=none
ac_cv_header_dlfcn_h=yes
ac_cv_header_inttypes_h=yes
ac_cv_header_memory_h=yes
ac_cv_header_netcdf_h=no
ac_cv_header_stdc=yes
ac_cv_header_stdint_h=yes
ac_cv_header_stdlib_h=yes
ac_cv_header_string_h=yes
ac_cv_header_strings_h=yes
ac_cv_header_sys_stat_h=yes
ac_cv_header_sys_types_h=yes
ac_cv_header_unistd_h=yes
ac_cv_host=x86_64-unknown-linux-gnu
ac_cv_objext=o
ac_cv_path_EGREP='/usr/bin/grep -E'
ac_cv_path_FGREP='/usr/bin/grep -F'
ac_cv_path_GREP=/usr/bin/grep
ac_cv_path_SED=/usr/bin/sed
ac_cv_path_install='/usr/bin/install -c'
ac_cv_path_lt_DD=/usr/bin/dd
ac_cv_path_mkdir=/usr/bin/mkdir
ac_cv_prog_AWK=gawk
ac_cv_prog_CPP='gcc -E'
ac_cv_prog_NM='/usr/bin/nm -B'
ac_cv_prog_ac_ct_AR=ar
ac_cv_prog_ac_ct_CC=gcc
ac_cv_prog_ac_ct_F77=gfortran
ac_cv_prog_ac_ct_MANIFEST_TOOL=mt
ac_cv_prog_ac_ct_OBJDUMP=objdump
ac_cv_prog_ac_ct_RANLIB=ranlib
ac_cv_prog_ac_ct_STRIP=strip
ac_cv_prog_cc_c89=
ac_cv_prog_cc_g=yes
ac_cv_prog_f77_g=yes
ac_cv_prog_f90_uppercase_mod=no
ac_cv_prog_fc_g=yes
ac_cv_prog_make_make_set=yes
ac_cv_sys_file_offset_bits=no
ac_cv_sys_largefile_CC=no
ac_cv_target=x86_64-unknown-linux-gnu
am_cv_CC_dependencies_compiler_type=gcc3
am_cv_make_support_nested_variables=yes
am_cv_prog_cc_c_o=yes
ax_cv_f90_modflag=-I
lt_cv_ar_at_file=@
lt_cv_archive_cmds_need_lc=no
lt_cv_deplibs_check_method=pass_all
lt_cv_file_magic_cmd='$MAGIC_CMD'
lt_cv_file_magic_test_file=
lt_cv_ld_reload_flag=-r
lt_cv_nm_interface='BSD nm'
lt_cv_objdir=.libs
lt_cv_path_LD=/usr/bin/ld
lt_cv_path_NM='/usr/bin/nm -B'
lt_cv_path_mainfest_tool=no
lt_cv_prog_compiler_c_o=yes
lt_cv_prog_compiler_c_o_F77=yes
lt_cv_prog_compiler_c_o_FC=yes
lt_cv_prog_compiler_pic='-fPIC -DPIC'
lt_cv_prog_compiler_pic_F77=-fPIC
lt_cv_prog_compiler_pic_FC=-fPIC
lt_cv_prog_compiler_pic_works=yes
lt_cv_prog_compiler_pic_works_F77=yes
lt_cv_prog_compiler_pic_works_FC=yes
lt_cv_prog_compiler_rtti_exceptions=no
lt_cv_prog_compiler_static_works=yes
lt_cv_prog_compiler_static_works_F77=yes
lt_cv_prog_compiler_static_works_FC=yes
lt_cv_prog_gnu_ld=yes
lt_cv_sharedlib_from_linklib_cmd='printf %s\n'
lt_cv_shlibpath_overrides_runpath=yes
lt_cv_sys_global_symbol_pipe='sed -n -e '\''s/^.*[	 ]\([ABCDGIRSTW][ABCDGIRSTW]*\)[	 ][	 ]*\([_A-Za-z][_A-Za-z0-9]*\)$/\1 \2 \2/p'\'' | sed '\''/ __gnu_lto/d'\'''
lt_cv_sys_global_symbol_to_c_name_address='sed -n -e '\''s/^: \(.*\) .*$/  {"\1", (void *) 0},/p'\'' -e '\''s/^[ABCDGIRSTW][ABCDGIRSTW]* .* \(.*\)$/  {"\1", (void *) \&\1},/p'\'''
lt_cv_sys_global_symbol_to_c_name_address_lib_prefix='sed -n -e '\''s/^: \(.*\) .*$/  {"\1", (void *) 0},/p'\'' -e '\''s/^[ABCDGIRSTW][ABCDGIRSTW]* .* \(lib.*\)$/  {"\1", (void *) \&\1},/p'\'' -e '\''s/^[ABCDGIRSTW][ABCDGIRSTW]* .* \(.*\)$/  {"lib\1", (void *) \&\1},/p'\'''
lt_cv_sys_global_symbol_to_cdecl='sed -n -e '\''s/^T .* \(.*\)$/extern int \1();/p'\'' -e '\''s/^[ABCDGIRSTW][ABCDGIRSTW]* .* \(.*\)$/extern char \1;/p'\'''
lt_cv_sys_global_symbol_to_import=
lt_cv_sys_lib_dlsearch_path_spec='/lib /usr/lib /usr/local/lib /usr/local/lib/x86_64-linux-gnu /lib/x86_64-linux-gnu /usr/lib/x86_64-linux-gnu '
lt_cv_sys_max_cmd_len=1572864
lt_cv_to_host_file_cmd=func_convert_file_noop
lt_cv_to_tool_file_cmd=func_convert_file_noop
lt_cv_truncate_bin='/usr/bin/dd bs=4096 count=1'

## ----------------- ##
## Output variables. ##
## ----------------- ##

ACLOCAL='${SHELL} /mnt/d/OneDrive/MarsClimate/netcdf-fortran-4.4.2/netcdf-fortran-4.4.2/missing aclocal-1.15'
ALLOCA=''
AMDEPBACKSLASH='\'
AMDEP_FALSE='#'
AMDEP_TRUE=''
AMTAR='$${TAR-tar}'
AM_BACKSLASH='\'
AM_DEFAULT_V='$(AM_DEFAULT_VERBOSITY)'
AM_DEFAULT_VERBOSITY='1'
AM_V='$(V)'
AR='ar'
AUTOCONF='${SHELL} /mnt/d/OneDrive/MarsClimate/netcdf-fortran-4.4.2/netcdf-fortran-4.4.2/missing autoconf'
AUTOHEADER='${SHELL} /mnt/d/OneDrive/MarsClimate/netcdf-fortran-4.4.2/netcdf-fortran-4.4.2/missing autoheader'
AUTOMAKE='${SHELL} /mnt/d/OneDrive/MarsClimate/netcdf-fortran-4.4.2/netcdf-fortran-4.4.2/missing automake-1.15'
AWK='gawk'
BUILD_BENCHMARKS_FALSE=''
BUILD_BENCHMARKS_TRUE='#'
BUILD_DAP_FALSE=''
BUILD_DAP_TRUE=''
BUILD_DLL_FALSE=''
BUILD_DLL_TRUE='#'
BUILD_DOCS_FALSE=''
BUILD_DOCS_TRUE='#'
BUILD_F03_FALSE='#'
BUILD_F03_TRUE=''
BUILD_INTERNAL_DOCS='no'
BUILD_PARALLEL_FALSE=''
BUILD_PARALLEL_TRUE=''
BUILD_V2_FALSE=''
BUILD_V2_TRUE=''
CC='gcc'
CCDEPMODE='depmode=gcc3'
CFLAGS='-O2 -fPIC'
CPP='gcc -E'
CPPFLAGS=''
CYGPATH_W='echo'
DEFS=''
DEPDIR='.deps'
DLLTOOL='false'
DOT=''
DOXYGEN=''
DSYMUTIL=''
DUMPBIN=''
ECHO_C=''
ECHO_N='-n'
ECHO_T=''
EGREP='/usr/bin/grep -E'
EXEEXT=''
EXTRA_EXAMPLE_TESTS_FALSE=''
EXTRA_EXAMPLE_TESTS_TRUE='#'
EXTRA_TESTS_FALSE=''
EXTRA_TESTS_TRUE='#'
F77='gfortran'
FC='gfortran'
FCFLAGS='-O2 -ffree-form -fPIC'
FCFLAGS_f90=''
FFLAGS=' -O2 -fPIC'
FGREP='/usr/bin/grep -F'
GREP='/usr/bin/grep'
HAS_DAP=''
HAS_F03=''
HAS_F90=''
HAS_NC2=''
HAS_NC4=''
HAVE_DOT='NO'
INSTALL_DATA='${INSTALL} -m 644'
INSTALL_PROGRAM='${INSTALL}'
INSTALL_SCRIPT='${INSTALL}'
INSTALL_STRIP_PROGRAM='$(install_sh) -c -s'
LARGE_FILE_TESTS_FALSE=''
LARGE_FILE_TESTS_TRUE='#'
LD='/usr/bin/ld -m elf_x86_64'
LDFLAGS=''
LIBOBJS=''
LIBS=''
LIBTOOL='$(SHELL) $(top_builddir)/libtool'
LIPO=''
LN_S='ln -s'
LTLIBOBJS=''
LT_SYS_LIBRARY_PATH=''
MAINT='#'
MAINTAINER_MODE_FALSE=''
MAINTAINER_MODE_TRUE='#'
MAKEINFO='${SHELL} /mnt/d/OneDrive/MarsClimate/netcdf-fortran-4.4.2/netcdf-fortran-4.4.2/missing makeinfo'
MANIFEST_TOOL=':'
MKDIR_P='/usr/bin/mkdir -p'
MOD_FLAG='-I'
NC_FLIBS=''
NC_LIBS=''
NM='/usr/bin/nm -B'
NMEDIT=''
NMFLAGS=''
OBJDUMP='objdump'
OBJEXT='o'
OTOOL64=''
OTOOL=''
PACKAGE='netcdf-fortran'
PACKAGE_BUGREPORT='support-netcdf@unidata.ucar.edu'
PACKAGE_NAME='netCDF-Fortran'
PACKAGE_STRING='netCDF-Fortran 4.4.2'
PACKAGE_TARNAME='netcdf-fortran'
PACKAGE_URL=''
PACKAGE_VERSION='4.4.2'
PATH_SEPARATOR=':'
RANLIB='ranlib'
SED='/usr/bin/sed'
SET_MAKE=''
SHELL='/bin/bash'
STRIP='strip'
TEST_PARALLEL_FALSE=''
TEST_PARALLEL_TRUE=''
UPPER_CASE_MOD_FALSE=''
UPPER_CASE_MOD_TRUE='#'
USE_LOGGING_FALSE=''
USE_LOGGING_TRUE=''
USE_NETCDF4_FALSE=''
USE_NETCDF4_TRUE=''
USE_VALGRIND_TESTS_FALSE=''
USE_VALGRIND_TESTS_TRUE=''
USING_PGI_FALSE=''
USING_PGI_TRUE='#'
VERSION='4.4.2'
ac_ct_AR='ar'
ac_ct_CC='gcc'
ac_ct_DUMPBIN=''
ac_ct_F77='gfortran'
ac_ct_FC=''
am__EXEEXT_FALSE=''
am__EXEEXT_TRUE=''
am__fastdepCC_FALSE='#'
am__fastdepCC_TRUE=''
am__include='include'
am__isrc=''
am__leading_dot='.'
am__nodep='_no'
am__quote=''
am__tar='$${TAR-tar} chof - "$$tardir"'
am__untar='$${TAR-tar} xf -'
bindir='${exec_prefix}/bin'
build='x86_64-unknown-linux-gnu'
build_alias=''
build_cpu='x86_64'
build_os='linux-gnu'
build_vendor='unknown'
datadir='${datarootdir}'
datarootdir='${prefix}/share'
docdir='${datarootdir}/doc/${PACKAGE_TARNAME}'
dvidir='${docdir}'
exec_prefix='NONE'
host='x86_64-unknown-linux-gnu'
host_alias=''
host_cpu='x86_64'
host_os='linux-gnu'
host_vendor='unknown'
htmldir='${docdir}'
includedir='${prefix}/include'
infodir='${datarootdir}/info'
install_sh='${SHELL} /mnt/d/OneDrive/MarsClimate/netcdf-fortran-4.4.2/netcdf-fortran-4.4.2/install-sh'
libdir='${exec_prefix}/lib'
libexecdir='${exec_prefix}/libexec'
localedir='${datarootdir}/locale'
localstatedir='${prefix}/var'
mandir='${datarootdir}/man'
mkdir_p='$(MKDIR_P)'
oldincludedir='/usr/include'
pdfdir='${docdir}'
prefix='/mnt/d/OneDrive/MarsClimate/netcdf-fortran-4.4.2'
program_transform_name='s,x,x,'
psdir='${docdir}'
sbindir='${exec_prefix}/sbin'
sharedstatedir='${prefix}/com'
sysconfdir='${prefix}/etc'
target='x86_64-unknown-linux-gnu'
target_alias=''
target_cpu='x86_64'
target_os='linux-gnu'
target_vendor='unknown'

## ----------- ##
## confdefs.h. ##
## ----------- ##

/* confdefs.h */
#define PACKAGE_NAME "netCDF-Fortran"
#define PACKAGE_TARNAME "netcdf-fortran"
#define PACKAGE_VERSION "4.4.2"
#define PACKAGE_STRING "netCDF-Fortran 4.4.2"
#define PACKAGE_BUGREPORT "support-netcdf@unidata.ucar.edu"
#define PACKAGE_URL ""
#define PACKAGE "netcdf-fortran"
#define VERSION "4.4.2"
#define HAVE_F2008 1
#define HAVE_TS29113_SUPPORT 1
#define TEMP_LARGE "."
#define STDC_HEADERS 1
#define HAVE_SYS_TYPES_H 1
#define HAVE_SYS_STAT_H 1
#define HAVE_STDLIB_H 1
#define HAVE_STRING_H 1
#define HAVE_MEMORY_H 1
#define HAVE_STRINGS_H 1
#define HAVE_INTTYPES_H 1
#define HAVE_STDINT_H 1
#define HAVE_UNISTD_H 1
#define HAVE_DLFCN_H 1
#define LT_OBJDIR ".libs/"
#define pgiFortran 1
#define NF_INT1_T byte
#define NF_INT2_T integer*2
#define NF_INT1_IS_C_SIGNED_CHAR 1
#define NF_INT2_IS_C_SHORT 1
#define NF_INT_IS_C_INT 1
#define NF_REAL_IS_C_FLOAT 1
#define NF_DOUBLEPRECISION_IS_C_DOUBLE 1
#define NCBYTE_T byte
#define NCSHORT_T integer*2

configure: exit 1
